<?xml version="1.0" encoding="UTF-8"?>
<!-- Generated by org.testng.reporters.JUnitReportReporter -->
<testsuite hostname="DESKTOP-TN3C50E" failures="0" tests="3" name="com.testng.annotation.Invocation_Timeout" time="33.516" errors="0" timestamp="2022-09-27T23:55:25 IST" skipped="0">
  <testcase classname="com.testng.annotation.Invocation_Timeout" name="browser" time="8.881"/>
  <system-out/>
  <testcase classname="com.testng.annotation.Invocation_Timeout" name="url" time="6.419"/>
  <system-out/>
  <testcase classname="com.testng.annotation.Invocation_Timeout" name="refresh" time="18.216"/>
  <system-out/>
</testsuite> <!-- com.testng.annotation.Invocation_Timeout -->
