<?xml version="1.0" encoding="UTF-8"?>
<!-- Generated by org.testng.reporters.JUnitReportReporter -->
<testsuite hostname="DESKTOP-TN3C50E" failures="0" tests="2" name="com.testng.annotation.Parallel_Testing" time="83.912" errors="0" timestamp="2022-10-03T19:40:29 IST" skipped="0">
  <testcase classname="com.testng.annotation.Parallel_Testing" name="instragram" time="45.970"/>
  <system-out/>
  <testcase classname="com.testng.annotation.Parallel_Testing" name="facebook" time="37.942"/>
  <system-out/>
</testsuite> <!-- com.testng.annotation.Parallel_Testing -->
