<?xml version="1.0" encoding="UTF-8"?>
<!-- Generated by org.testng.reporters.JUnitReportReporter -->
<testsuite hostname="DESKTOP-TN3C50E" failures="0" tests="1" name="com.testing.features.Assert_Concept" time="0.020" errors="0" timestamp="2022-10-02T18:40:48 IST" skipped="0">
  <testcase classname="com.testing.features.Assert_Concept" name="demo" time="0.020"/>
  <system-out/>
</testsuite> <!-- com.testing.features.Assert_Concept -->
