<?xml version="1.0" encoding="UTF-8"?>
<!-- Generated by org.testng.reporters.JUnitReportReporter -->
<testsuite hostname="DESKTOP-TN3C50E" failures="0" tests="3" name="com.testng.practise.Automation_Testng" time="13.959" errors="0" timestamp="2022-10-03T21:07:15 IST" skipped="0">
  <testcase classname="com.testng.practise.Automation_Testng" name="manager1" time="0.006"/>
  <system-out/>
  <testcase classname="com.testng.practise.Automation_Testng" name="driver1" time="13.890"/>
  <system-out/>
  <testcase classname="com.testng.practise.Automation_Testng" name="logger1" time="0.063"/>
  <system-out/>
</testsuite> <!-- com.testng.practise.Automation_Testng -->
