<?xml version="1.0" encoding="UTF-8"?>
<!-- Generated by org.testng.reporters.JUnitReportReporter -->
<testsuite hostname="DESKTOP-TN3C50E" failures="0" tests="1" name="com.testng.annotation.TimeOut_Demo" time="8.526" errors="0" timestamp="2022-10-01T16:13:08 IST" skipped="0">
  <testcase classname="com.testng.annotation.TimeOut_Demo" name="facebook" time="8.526"/>
  <system-out/>
</testsuite> <!-- com.testng.annotation.TimeOut_Demo -->
