<?xml version="1.0" encoding="UTF-8"?>
<!-- Generated by org.testng.reporters.JUnitReportReporter -->
<testsuite hostname="DESKTOP-TN3C50E" failures="0" tests="3" name="com.testing.features.Array_DataProvider" time="0.016" errors="0" timestamp="2022-10-02T17:16:45 IST" skipped="0">
  <testcase classname="com.testing.features.Array_DataProvider" name="player_Data" time="0.009"/>
  <system-out/>
  <testcase classname="com.testing.features.Array_DataProvider" name="player_Data" time="0.002"/>
  <system-out/>
  <testcase classname="com.testing.features.Array_DataProvider" name="player_Data" time="0.005"/>
  <system-out/>
</testsuite> <!-- com.testing.features.Array_DataProvider -->
