<?xml version="1.0" encoding="UTF-8"?>
<!-- Generated by org.testng.reporters.JUnitReportReporter -->
<testsuite hostname="DESKTOP-TN3C50E" failures="0" tests="3" name="com.testng.annotation.Depends_On_Methods" time="0.016" errors="0" timestamp="2022-09-28T00:49:35 IST" skipped="0">
  <testcase classname="com.testng.annotation.Depends_On_Methods" name="offer" time="0.002"/>
  <system-out/>
  <testcase classname="com.testng.annotation.Depends_On_Methods" name="zeb" time="0.012"/>
  <system-out/>
  <testcase classname="com.testng.annotation.Depends_On_Methods" name="laptop" time="0.002"/>
  <system-out/>
</testsuite> <!-- com.testng.annotation.Depends_On_Methods -->
