<?xml version="1.0" encoding="UTF-8"?>
<!-- Generated by org.testng.reporters.JUnitReportReporter -->
<testsuite hostname="DESKTOP-TN3C50E" failures="0" tests="3" name="com.testng.annotation.Invocation_Demo" time="0.039" errors="0" timestamp="2022-09-28T00:00:50 IST" skipped="0">
  <testcase classname="com.testng.annotation.Invocation_Demo" name="browser" time="0.016"/>
  <system-out/>
  <testcase classname="com.testng.annotation.Invocation_Demo" name="url" time="0.002"/>
  <system-out/>
  <testcase classname="com.testng.annotation.Invocation_Demo" name="refresh" time="0.021"/>
  <system-out/>
</testsuite> <!-- com.testng.annotation.Invocation_Demo -->
