<?xml version="1.0" encoding="UTF-8"?>
<!-- Generated by org.testng.reporters.JUnitReportReporter -->
<testsuite hostname="DESKTOP-TN3C50E" failures="0" tests="5" name="com.testng.annotation.Description_Demo" time="0.021" errors="0" timestamp="2022-09-28T00:05:43 IST" skipped="0">
  <testcase classname="com.testng.annotation.Description_Demo" name="url" time="0.002"/>
  <system-out/>
  <testcase classname="com.testng.annotation.Description_Demo" name="browser" time="0.013"/>
  <system-out/>
  <testcase classname="com.testng.annotation.Description_Demo" name="refresh" time="0.002"/>
  <system-out/>
  <testcase classname="com.testng.annotation.Description_Demo" name="refresh" time="0.001"/>
  <system-out/>
  <testcase classname="com.testng.annotation.Description_Demo" name="refresh" time="0.003"/>
  <system-out/>
</testsuite> <!-- com.testng.annotation.Description_Demo -->
