<?xml version="1.0" encoding="UTF-8"?>
<!-- Generated by org.testng.reporters.JUnitReportReporter -->
<testsuite hostname="DESKTOP-TN3C50E" failures="0" tests="3" name="com.testng.annotation.Annotation_Demo" time="0.024" errors="0" timestamp="2022-09-27T22:34:34 IST" skipped="0">
  <testcase classname="com.testng.annotation.Annotation_Demo" name="t_Shirt" time="0.009"/>
  <system-out/>
  <testcase classname="com.testng.annotation.Annotation_Demo" name="c_Dress" time="0.011"/>
  <system-out/>
  <testcase classname="com.testng.annotation.Annotation_Demo" name="s_Dress" time="0.004"/>
  <system-out/>
</testsuite> <!-- com.testng.annotation.Annotation_Demo -->
