<?xml version="1.0" encoding="UTF-8"?>
<!-- Generated by org.testng.reporters.JUnitReportReporter -->
<testsuite hostname="DESKTOP-TN3C50E" failures="0" tests="1" name="com.testing.features.Optional_Demo" time="0.013" errors="0" timestamp="2022-10-02T16:40:37 IST" skipped="0">
  <testcase classname="com.testing.features.Optional_Demo" name="age" time="0.013"/>
  <system-out/>
</testsuite> <!-- com.testing.features.Optional_Demo -->
