<?xml version="1.0" encoding="UTF-8"?>
<!-- Generated by org.testng.reporters.JUnitReportReporter -->
<testsuite hostname="DESKTOP-TN3C50E" failures="0" tests="3" name="com.testng.annotation.Groups_Demo" time="0.018" errors="0" timestamp="2022-09-28T23:26:41 IST" skipped="0">
  <testcase classname="com.testng.annotation.Groups_Demo" name="spotify" time="0.002"/>
  <system-out/>
  <testcase classname="com.testng.annotation.Groups_Demo" name="wynk" time="0.003"/>
  <system-out/>
  <testcase classname="com.testng.annotation.Groups_Demo" name="books" time="0.013"/>
  <system-out/>
</testsuite> <!-- com.testng.annotation.Groups_Demo -->
