<?xml version="1.0" encoding="UTF-8"?>
<!-- Generated by org.testng.reporters.JUnitReportReporter -->
<testsuite hostname="DESKTOP-TN3C50E" failures="0" tests="5" name="com.testng.annotation.Ignore_Demo" time="0.019" errors="0" timestamp="2022-09-28T18:25:46 IST" skipped="1">
  <testcase classname="com.testng.annotation.Ignore_Demo" name="reddit" time="0.012"/>
  <system-out/>
  <testcase classname="com.testng.annotation.Ignore_Demo" name="whatsapp" time="0.003"/>
  <system-out/>
  <testcase classname="com.testng.annotation.Ignore_Demo" name="spotify" time="0.003"/>
  <system-out/>
  <testcase classname="com.testng.annotation.Ignore_Demo" name="wynk" time="0.001"/>
  <system-out/>
  <testcase classname="com.testng.annotation.Ignore_Demo" name="books">
    <skipped/>
  </testcase> <!-- books -->
  <system-out/>
</testsuite> <!-- com.testng.annotation.Ignore_Demo -->
