<?xml version="1.0" encoding="UTF-8"?>
<!-- Generated by org.testng.reporters.JUnitReportReporter -->
<testsuite hostname="DESKTOP-TN3C50E" failures="0" tests="4" name="com.testng.annotation.Priority_Demo" time="0.036" errors="0" timestamp="2022-10-01T16:12:07 IST" skipped="0">
  <testcase classname="com.testng.annotation.Priority_Demo" name="sslc" time="0.022"/>
  <system-out/>
  <testcase classname="com.testng.annotation.Priority_Demo" name="ug" time="0.001"/>
  <system-out/>
  <testcase classname="com.testng.annotation.Priority_Demo" name="hsc" time="0.002"/>
  <system-out/>
  <testcase classname="com.testng.annotation.Priority_Demo" name="pg" time="0.011"/>
  <system-out/>
</testsuite> <!-- com.testng.annotation.Priority_Demo -->
