<?xml version="1.0" encoding="UTF-8"?>
<!-- Generated by org.testng.reporters.JUnitReportReporter -->
<testsuite hostname="DESKTOP-TN3C50E" failures="0" tests="1" name="com.testng.annotation.Excepted_Exception" time="0.016" errors="0" timestamp="2022-09-28T00:25:21 IST" skipped="0">
  <testcase classname="com.testng.annotation.Excepted_Exception" name="calculator" time="0.016"/>
  <system-out/>
</testsuite> <!-- com.testng.annotation.Excepted_Exception -->
